<?xml version="1.0" encoding="UTF-8"?>
<!-- Generated by org.testng.reporters.JUnitXMLReporter -->
<testsuite hostname="DESKTOP-6O8T6P5" name="Test" tests="18" failures="2" timestamp="6 Sep 2022 09:27:39 GMT" time="379.938" errors="0">
  <testcase name="clickOnLogo" time="6.223" classname="testCases.register"/>
  <testcase name="checkTitle" time="0.007" classname="testCases.register"/>
  <testcase name="checkUrl" time="0.006" classname="testCases.register"/>
  <testcase name="check_Signin_Link" time="2.856" classname="testCases.register"/>
  <testcase name="check_I_already_have_account_Link" time="3.488" classname="testCases.register"/>
  <testcase name="check_terms_of_use_Link" time="5.418" classname="testCases.register"/>
  <testcase name="check_CustomerPrivacyPolicy_Link" time="1.849" classname="testCases.register"/>
  <testcase name="register_With_ValidData" time="21.094" classname="testCases.register">
    <failure type="org.openqa.selenium.TimeoutException" message="Expected condition failed: waiting for url to be &amp;quot;https://courses.ultimateqa.com/collections&amp;quot;. Current url: &amp;quot;https://courses.ultimateqa.com/users&amp;quot; (tried for 20 second(s) with 500 milliseconds interval)
Build info: version: &amp;apos;3.13.0&amp;apos;, revision: &amp;apos;2f0d292&amp;apos;, time: &amp;apos;2018-06-25T15:24:21.231Z&amp;apos;
System info: host: &amp;apos;DESKTOP-6O8T6P5&amp;apos;, ip: &amp;apos;192.168.1.2&amp;apos;, os.name: &amp;apos;Windows 10&amp;apos;, os.arch: &amp;apos;amd64&amp;apos;, os.version: &amp;apos;10.0&amp;apos;, java.version: &amp;apos;1.8.0_341&amp;apos;
Driver info: org.openqa.selenium.chrome.ChromeDriver
Capabilities {acceptInsecureCerts: false, browserName: chrome, browserVersion: 104.0.5112.102, chrome: {chromedriverVersion: 104.0.5112.79 (3cf3e8c8a07d..., userDataDir: C:\Users\BMT\AppData\Local\...}, goog:chromeOptions: {debuggerAddress: localhost:56088}, javascriptEnabled: true, networkConnectionEnabled: false, pageLoadStrategy: normal, platform: WINDOWS, platformName: WINDOWS, proxy: Proxy(), setWindowRect: true, strictFileInteractability: false, timeouts: {implicit: 0, pageLoad: 300000, script: 30000}, unhandledPromptBehavior: dismiss and notify, webauthn:extension:credBlob: true, webauthn:extension:largeBlob: true, webauthn:virtualAuthenticators: true}
Session ID: 8b49a4ddee366de795dccdec03a3ef07">
      <![CDATA[org.openqa.selenium.TimeoutException: Expected condition failed: waiting for url to be "https://courses.ultimateqa.com/collections". Current url: "https://courses.ultimateqa.com/users" (tried for 20 second(s) with 500 milliseconds interval)
Build info: version: '3.13.0', revision: '2f0d292', time: '2018-06-25T15:24:21.231Z'
System info: host: 'DESKTOP-6O8T6P5', ip: '192.168.1.2', os.name: 'Windows 10', os.arch: 'amd64', os.version: '10.0', java.version: '1.8.0_341'
Driver info: org.openqa.selenium.chrome.ChromeDriver
Capabilities {acceptInsecureCerts: false, browserName: chrome, browserVersion: 104.0.5112.102, chrome: {chromedriverVersion: 104.0.5112.79 (3cf3e8c8a07d..., userDataDir: C:\Users\BMT\AppData\Local\...}, goog:chromeOptions: {debuggerAddress: localhost:56088}, javascriptEnabled: true, networkConnectionEnabled: false, pageLoadStrategy: normal, platform: WINDOWS, platformName: WINDOWS, proxy: Proxy(), setWindowRect: true, strictFileInteractability: false, timeouts: {implicit: 0, pageLoad: 300000, script: 30000}, unhandledPromptBehavior: dismiss and notify, webauthn:extension:credBlob: true, webauthn:extension:largeBlob: true, webauthn:virtualAuthenticators: true}
Session ID: 8b49a4ddee366de795dccdec03a3ef07
	at org.openqa.selenium.support.ui.WebDriverWait.timeoutException(WebDriverWait.java:81)
	at org.openqa.selenium.support.ui.FluentWait.until(FluentWait.java:271)
	at testCases.register.register_With_ValidData(register.java:144)
... Removed 28 stack frames]]>
    </failure>
  </testcase> <!-- register_With_ValidData -->
  <testcase name="EmptyFirstName" time="3.648" classname="testCases.register"/>
  <testcase name="EmptyLastName" time="2.888" classname="testCases.register"/>
  <testcase name="EmptyEmail" time="20.831" classname="testCases.register">
    <failure type="org.openqa.selenium.TimeoutException" message="Expected condition failed: waiting for presence of element located by: By.xpath: //*[@id=&amp;quot;notice&amp;quot;]/ul/li (tried for 20 second(s) with 500 milliseconds interval)">
      <![CDATA[org.openqa.selenium.TimeoutException: Expected condition failed: waiting for presence of element located by: By.xpath: //*[@id="notice"]/ul/li (tried for 20 second(s) with 500 milliseconds interval)
	at org.openqa.selenium.support.ui.WebDriverWait.timeoutException(WebDriverWait.java:81)
	at org.openqa.selenium.support.ui.FluentWait.until(FluentWait.java:271)
	at testCases.register.EmptyEmail(register.java:202)
Caused by: org.openqa.selenium.NoSuchElementException: Cannot locate an element using By.xpath: //*[@id="notice"]/ul/li
For documentation on this error, please visit: http://seleniumhq.org/exceptions/no_such_element.html
Build info: version: '3.13.0', revision: '2f0d292', time: '2018-06-25T15:24:21.231Z'
System info: host: 'DESKTOP-6O8T6P5', ip: '192.168.1.2', os.name: 'Windows 10', os.arch: 'amd64', os.version: '10.0', java.version: '1.8.0_341'
Driver info: driver.version: unknown
	at org.openqa.selenium.support.ui.ExpectedConditions.lambda$findElement$0(ExpectedConditions.java:896)
	at java.util.Optional.orElseThrow(Optional.java:290)
	at org.openqa.selenium.support.ui.ExpectedConditions.findElement(ExpectedConditions.java:895)
	at org.openqa.selenium.support.ui.ExpectedConditions.access$000(ExpectedConditions.java:44)
	at org.openqa.selenium.support.ui.ExpectedConditions$6.apply(ExpectedConditions.java:183)
	at org.openqa.selenium.support.ui.ExpectedConditions$6.apply(ExpectedConditions.java:180)
	at org.openqa.selenium.support.ui.FluentWait.until(FluentWait.java:248)
	... 29 more
... Removed 28 stack frames]]>
    </failure>
  </testcase> <!-- EmptyEmail -->
  <testcase name="TakenEmail" time="22.362" classname="testCases.register"/>
  <testcase name="InvalidEmail" time="2.834" classname="testCases.register"/>
  <testcase name="Emptypassword" time="2.509" classname="testCases.register"/>
  <testcase name="Invalidpassword" time="3.23" classname="testCases.register"/>
  <testcase name="signUpWithFacbook" time="4.662" classname="testCases.register"/>
  <testcase name="signUpWithLinkedin" time="5.505" classname="testCases.register"/>
  <testcase name="signUpWithGmail" time="5.514" classname="testCases.register"/>
</testsuite> <!-- Test -->
