<!DOCTYPE html PUBLIC "-//W3C//DTD XHTML 1.1//EN" "http://www.w3.org/TR/xhtml11/DTD/xhtml11.dtd">
<html xmlns="http://www.w3.org/1999/xhtml"><head><title>TestNG Report</title><style type="text/css">table {margin-bottom:10px;border-collapse:collapse;empty-cells:show}th,td {border:1px solid #009;padding:.25em .5em}th {vertical-align:bottom}td {vertical-align:top}table a {font-weight:bold}.stripe td {background-color: #E6EBF9}.num {text-align:right}.passedodd td {background-color: #3F3}.passedeven td {background-color: #0A0}.skippedodd td {background-color: #DDD}.skippedeven td {background-color: #CCC}.failedodd td,.attn {background-color: #F33}.failedeven td,.stripe .attn {background-color: #D00}.stacktrace {white-space:pre;font-family:monospace}.totop {font-size:85%;text-align:center;border-bottom:2px solid #000}</style></head><body><table><tr><th>Test</th><th># Passed</th><th># Skipped</th><th># Failed</th><th>Time (ms)</th><th>Included Groups</th><th>Excluded Groups</th></tr><tr><th colspan="7">Suite</th></tr><tr><td><a href="#t0">Test</a></td><td class="num">16</td><td class="num">0</td><td class="num attn">2</td><td class="num">379,938</td><td></td><td></td></tr></table><table><thead><tr><th>Class</th><th>Method</th><th>Start</th><th>Time (ms)</th></tr></thead><tbody><tr><th colspan="4">Suite</th></tr></tbody><tbody id="t0"><tr><th colspan="4">Test &#8212; failed</th></tr><tr class="failedeven"><td rowspan="2">testCases.register</td><td><a href="#m0">EmptyEmail</a></td><td rowspan="1">1662456288742</td><td rowspan="1">20831</td></tr><tr class="failedeven"><td><a href="#m1">register_With_ValidData</a></td><td rowspan="1">1662456220033</td><td rowspan="1">21094</td></tr><tr><th colspan="4">Test &#8212; passed</th></tr><tr class="passedeven"><td rowspan="16">testCases.register</td><td><a href="#m2">EmptyFirstName</a></td><td rowspan="1">1662456254040</td><td rowspan="1">3648</td></tr><tr class="passedeven"><td><a href="#m3">EmptyLastName</a></td><td rowspan="1">1662456272909</td><td rowspan="1">2888</td></tr><tr class="passedeven"><td><a href="#m4">Emptypassword</a></td><td rowspan="1">1662456390276</td><td rowspan="1">2509</td></tr><tr class="passedeven"><td><a href="#m5">InvalidEmail</a></td><td rowspan="1">1662456366572</td><td rowspan="1">2834</td></tr><tr class="passedeven"><td><a href="#m6">Invalidpassword</a></td><td rowspan="1">1662456403996</td><td rowspan="1">3230</td></tr><tr class="passedeven"><td><a href="#m7">TakenEmail</a></td><td rowspan="1">1662456321190</td><td rowspan="1">22362</td></tr><tr class="passedeven"><td><a href="#m8">checkTitle</a></td><td rowspan="1">1662456109805</td><td rowspan="1">7</td></tr><tr class="passedeven"><td><a href="#m9">checkUrl</a></td><td rowspan="1">1662456131593</td><td rowspan="1">6</td></tr><tr class="passedeven"><td><a href="#m10">check_CustomerPrivacyPolicy_Link</a></td><td rowspan="1">1662456204093</td><td rowspan="1">1849</td></tr><tr class="passedeven"><td><a href="#m11">check_I_already_have_account_Link</a></td><td rowspan="1">1662456165919</td><td rowspan="1">3488</td></tr><tr class="passedeven"><td><a href="#m12">check_Signin_Link</a></td><td rowspan="1">1662456146592</td><td rowspan="1">2856</td></tr><tr class="passedeven"><td><a href="#m13">check_terms_of_use_Link</a></td><td rowspan="1">1662456182268</td><td rowspan="1">5418</td></tr><tr class="passedeven"><td><a href="#m14">clickOnLogo</a></td><td rowspan="1">1662456091511</td><td rowspan="1">6223</td></tr><tr class="passedeven"><td><a href="#m15">signUpWithFacbook</a></td><td rowspan="1">1662456418816</td><td rowspan="1">4662</td></tr><tr class="passedeven"><td><a href="#m16">signUpWithGmail</a></td><td rowspan="1">1662456452638</td><td rowspan="1">5514</td></tr><tr class="passedeven"><td><a href="#m17">signUpWithLinkedin</a></td><td rowspan="1">1662456434708</td><td rowspan="1">5505</td></tr></tbody></table><h2>Test</h2><h3 id="m0">testCases.register#EmptyEmail</h3><table class="result"><tr><th>Exception</th></tr><tr><td><div class="stacktrace">org.openqa.selenium.TimeoutException: Expected condition failed: waiting for presence of element located by: By.xpath: //*[@id=&quot;notice&quot;]/ul/li (tried for 20 second(s) with 500 milliseconds interval)
	at org.openqa.selenium.support.ui.WebDriverWait.timeoutException(WebDriverWait.java:81)
	at org.openqa.selenium.support.ui.FluentWait.until(FluentWait.java:271)
	at testCases.register.EmptyEmail(register.java:202)
Caused by: org.openqa.selenium.NoSuchElementException: Cannot locate an element using By.xpath: //*[@id=&quot;notice&quot;]/ul/li
For documentation on this error, please visit: http://seleniumhq.org/exceptions/no_such_element.html
Build info: version: &apos;3.13.0&apos;, revision: &apos;2f0d292&apos;, time: &apos;2018-06-25T15:24:21.231Z&apos;
System info: host: &apos;DESKTOP-6O8T6P5&apos;, ip: &apos;192.168.1.2&apos;, os.name: &apos;Windows 10&apos;, os.arch: &apos;amd64&apos;, os.version: &apos;10.0&apos;, java.version: &apos;1.8.0_341&apos;
Driver info: driver.version: unknown
	at org.openqa.selenium.support.ui.ExpectedConditions.lambda$findElement$0(ExpectedConditions.java:896)
	at java.util.Optional.orElseThrow(Optional.java:290)
	at org.openqa.selenium.support.ui.ExpectedConditions.findElement(ExpectedConditions.java:895)
	at org.openqa.selenium.support.ui.ExpectedConditions.access$000(ExpectedConditions.java:44)
	at org.openqa.selenium.support.ui.ExpectedConditions$6.apply(ExpectedConditions.java:183)
	at org.openqa.selenium.support.ui.ExpectedConditions$6.apply(ExpectedConditions.java:180)
	at org.openqa.selenium.support.ui.FluentWait.until(FluentWait.java:248)
	... 29 more
... Removed 28 stack frames</div></td></tr></table><p class="totop"><a href="#summary">back to summary</a></p><h3 id="m1">testCases.register#register_With_ValidData</h3><table class="result"><tr><th>Exception</th></tr><tr><td><div class="stacktrace">org.openqa.selenium.TimeoutException: Expected condition failed: waiting for url to be &quot;https://courses.ultimateqa.com/collections&quot;. Current url: &quot;https://courses.ultimateqa.com/users&quot; (tried for 20 second(s) with 500 milliseconds interval)
Build info: version: &apos;3.13.0&apos;, revision: &apos;2f0d292&apos;, time: &apos;2018-06-25T15:24:21.231Z&apos;
System info: host: &apos;DESKTOP-6O8T6P5&apos;, ip: &apos;192.168.1.2&apos;, os.name: &apos;Windows 10&apos;, os.arch: &apos;amd64&apos;, os.version: &apos;10.0&apos;, java.version: &apos;1.8.0_341&apos;
Driver info: org.openqa.selenium.chrome.ChromeDriver
Capabilities {acceptInsecureCerts: false, browserName: chrome, browserVersion: 104.0.5112.102, chrome: {chromedriverVersion: 104.0.5112.79 (3cf3e8c8a07d..., userDataDir: C:\Users\BMT\AppData\Local\...}, goog:chromeOptions: {debuggerAddress: localhost:56088}, javascriptEnabled: true, networkConnectionEnabled: false, pageLoadStrategy: normal, platform: WINDOWS, platformName: WINDOWS, proxy: Proxy(), setWindowRect: true, strictFileInteractability: false, timeouts: {implicit: 0, pageLoad: 300000, script: 30000}, unhandledPromptBehavior: dismiss and notify, webauthn:extension:credBlob: true, webauthn:extension:largeBlob: true, webauthn:virtualAuthenticators: true}
Session ID: 8b49a4ddee366de795dccdec03a3ef07
	at org.openqa.selenium.support.ui.WebDriverWait.timeoutException(WebDriverWait.java:81)
	at org.openqa.selenium.support.ui.FluentWait.until(FluentWait.java:271)
	at testCases.register.register_With_ValidData(register.java:144)
... Removed 28 stack frames</div></td></tr></table><p class="totop"><a href="#summary">back to summary</a></p><h3 id="m2">testCases.register#EmptyFirstName</h3><table class="result"></table><p class="totop"><a href="#summary">back to summary</a></p><h3 id="m3">testCases.register#EmptyLastName</h3><table class="result"></table><p class="totop"><a href="#summary">back to summary</a></p><h3 id="m4">testCases.register#Emptypassword</h3><table class="result"></table><p class="totop"><a href="#summary">back to summary</a></p><h3 id="m5">testCases.register#InvalidEmail</h3><table class="result"></table><p class="totop"><a href="#summary">back to summary</a></p><h3 id="m6">testCases.register#Invalidpassword</h3><table class="result"></table><p class="totop"><a href="#summary">back to summary</a></p><h3 id="m7">testCases.register#TakenEmail</h3><table class="result"></table><p class="totop"><a href="#summary">back to summary</a></p><h3 id="m8">testCases.register#checkTitle</h3><table class="result"></table><p class="totop"><a href="#summary">back to summary</a></p><h3 id="m9">testCases.register#checkUrl</h3><table class="result"></table><p class="totop"><a href="#summary">back to summary</a></p><h3 id="m10">testCases.register#check_CustomerPrivacyPolicy_Link</h3><table class="result"></table><p class="totop"><a href="#summary">back to summary</a></p><h3 id="m11">testCases.register#check_I_already_have_account_Link</h3><table class="result"></table><p class="totop"><a href="#summary">back to summary</a></p><h3 id="m12">testCases.register#check_Signin_Link</h3><table class="result"></table><p class="totop"><a href="#summary">back to summary</a></p><h3 id="m13">testCases.register#check_terms_of_use_Link</h3><table class="result"></table><p class="totop"><a href="#summary">back to summary</a></p><h3 id="m14">testCases.register#clickOnLogo</h3><table class="result"></table><p class="totop"><a href="#summary">back to summary</a></p><h3 id="m15">testCases.register#signUpWithFacbook</h3><table class="result"></table><p class="totop"><a href="#summary">back to summary</a></p><h3 id="m16">testCases.register#signUpWithGmail</h3><table class="result"></table><p class="totop"><a href="#summary">back to summary</a></p><h3 id="m17">testCases.register#signUpWithLinkedin</h3><table class="result"></table><p class="totop"><a href="#summary">back to summary</a></p></body></html>