<?xml version="1.0" encoding="UTF-8"?>
<testng-results skipped="0" failed="2" total="18" passed="16">
  <reporter-output>
  </reporter-output>
  <suite name="Suite" duration-ms="379938" started-at="2022-09-06T09:21:19Z" finished-at="2022-09-06T09:27:39Z">
    <groups>
    </groups>
    <test name="Test" duration-ms="379938" started-at="2022-09-06T09:21:19Z" finished-at="2022-09-06T09:27:39Z">
      <class name="testCases.register">
        <test-method status="PASS" signature="beforeMethod()[pri:0, instance:testCases.register@2473d930]" name="beforeMethod" is-config="true" duration-ms="12000" started-at="2022-09-06T11:21:19Z" finished-at="2022-09-06T11:21:31Z">
          <reporter-output>
          </reporter-output>
        </test-method> <!-- beforeMethod -->
        <test-method status="PASS" signature="clickOnLogo()[pri:0, instance:testCases.register@2473d930]" name="clickOnLogo" duration-ms="6223" started-at="2022-09-06T11:21:31Z" finished-at="2022-09-06T11:21:37Z">
          <reporter-output>
          </reporter-output>
        </test-method> <!-- clickOnLogo -->
        <test-method status="PASS" signature="aftermethod()[pri:0, instance:testCases.register@2473d930]" name="aftermethod" is-config="true" duration-ms="840" started-at="2022-09-06T11:21:37Z" finished-at="2022-09-06T11:21:38Z">
          <reporter-output>
          </reporter-output>
        </test-method> <!-- aftermethod -->
        <test-method status="PASS" signature="beforeMethod()[pri:0, instance:testCases.register@2473d930]" name="beforeMethod" is-config="true" duration-ms="11230" started-at="2022-09-06T11:21:38Z" finished-at="2022-09-06T11:21:49Z">
          <reporter-output>
          </reporter-output>
        </test-method> <!-- beforeMethod -->
        <test-method status="PASS" signature="checkTitle()[pri:0, instance:testCases.register@2473d930]" name="checkTitle" duration-ms="7" started-at="2022-09-06T11:21:49Z" finished-at="2022-09-06T11:21:49Z">
          <reporter-output>
          </reporter-output>
        </test-method> <!-- checkTitle -->
        <test-method status="PASS" signature="aftermethod()[pri:0, instance:testCases.register@2473d930]" name="aftermethod" is-config="true" duration-ms="794" started-at="2022-09-06T11:21:49Z" finished-at="2022-09-06T11:21:50Z">
          <reporter-output>
          </reporter-output>
        </test-method> <!-- aftermethod -->
        <test-method status="PASS" signature="beforeMethod()[pri:0, instance:testCases.register@2473d930]" name="beforeMethod" is-config="true" duration-ms="20987" started-at="2022-09-06T11:21:50Z" finished-at="2022-09-06T11:22:11Z">
          <reporter-output>
          </reporter-output>
        </test-method> <!-- beforeMethod -->
        <test-method status="PASS" signature="checkUrl()[pri:0, instance:testCases.register@2473d930]" name="checkUrl" duration-ms="6" started-at="2022-09-06T11:22:11Z" finished-at="2022-09-06T11:22:11Z">
          <reporter-output>
          </reporter-output>
        </test-method> <!-- checkUrl -->
        <test-method status="PASS" signature="aftermethod()[pri:0, instance:testCases.register@2473d930]" name="aftermethod" is-config="true" duration-ms="730" started-at="2022-09-06T11:22:11Z" finished-at="2022-09-06T11:22:12Z">
          <reporter-output>
          </reporter-output>
        </test-method> <!-- aftermethod -->
        <test-method status="PASS" signature="beforeMethod()[pri:0, instance:testCases.register@2473d930]" name="beforeMethod" is-config="true" duration-ms="14261" started-at="2022-09-06T11:22:12Z" finished-at="2022-09-06T11:22:26Z">
          <reporter-output>
          </reporter-output>
        </test-method> <!-- beforeMethod -->
        <test-method status="PASS" signature="check_Signin_Link()[pri:0, instance:testCases.register@2473d930]" name="check_Signin_Link" duration-ms="2856" started-at="2022-09-06T11:22:26Z" finished-at="2022-09-06T11:22:29Z">
          <reporter-output>
          </reporter-output>
        </test-method> <!-- check_Signin_Link -->
        <test-method status="PASS" signature="aftermethod()[pri:0, instance:testCases.register@2473d930]" name="aftermethod" is-config="true" duration-ms="777" started-at="2022-09-06T11:22:29Z" finished-at="2022-09-06T11:22:30Z">
          <reporter-output>
          </reporter-output>
        </test-method> <!-- aftermethod -->
        <test-method status="PASS" signature="beforeMethod()[pri:0, instance:testCases.register@2473d930]" name="beforeMethod" is-config="true" duration-ms="15692" started-at="2022-09-06T11:22:30Z" finished-at="2022-09-06T11:22:45Z">
          <reporter-output>
          </reporter-output>
        </test-method> <!-- beforeMethod -->
        <test-method status="PASS" signature="check_I_already_have_account_Link()[pri:0, instance:testCases.register@2473d930]" name="check_I_already_have_account_Link" duration-ms="3488" started-at="2022-09-06T11:22:45Z" finished-at="2022-09-06T11:22:49Z">
          <reporter-output>
          </reporter-output>
        </test-method> <!-- check_I_already_have_account_Link -->
        <test-method status="PASS" signature="aftermethod()[pri:0, instance:testCases.register@2473d930]" name="aftermethod" is-config="true" duration-ms="786" started-at="2022-09-06T11:22:49Z" finished-at="2022-09-06T11:22:50Z">
          <reporter-output>
          </reporter-output>
        </test-method> <!-- aftermethod -->
        <test-method status="PASS" signature="beforeMethod()[pri:0, instance:testCases.register@2473d930]" name="beforeMethod" is-config="true" duration-ms="12075" started-at="2022-09-06T11:22:50Z" finished-at="2022-09-06T11:23:02Z">
          <reporter-output>
          </reporter-output>
        </test-method> <!-- beforeMethod -->
        <test-method status="PASS" signature="check_terms_of_use_Link()[pri:0, instance:testCases.register@2473d930]" name="check_terms_of_use_Link" duration-ms="5418" started-at="2022-09-06T11:23:02Z" finished-at="2022-09-06T11:23:07Z">
          <reporter-output>
          </reporter-output>
        </test-method> <!-- check_terms_of_use_Link -->
        <test-method status="PASS" signature="aftermethod()[pri:0, instance:testCases.register@2473d930]" name="aftermethod" is-config="true" duration-ms="811" started-at="2022-09-06T11:23:07Z" finished-at="2022-09-06T11:23:08Z">
          <reporter-output>
          </reporter-output>
        </test-method> <!-- aftermethod -->
        <test-method status="PASS" signature="beforeMethod()[pri:0, instance:testCases.register@2473d930]" name="beforeMethod" is-config="true" duration-ms="15596" started-at="2022-09-06T11:23:08Z" finished-at="2022-09-06T11:23:24Z">
          <reporter-output>
          </reporter-output>
        </test-method> <!-- beforeMethod -->
        <test-method status="PASS" signature="check_CustomerPrivacyPolicy_Link()[pri:0, instance:testCases.register@2473d930]" name="check_CustomerPrivacyPolicy_Link" duration-ms="1849" started-at="2022-09-06T11:23:24Z" finished-at="2022-09-06T11:23:25Z">
          <reporter-output>
          </reporter-output>
        </test-method> <!-- check_CustomerPrivacyPolicy_Link -->
        <test-method status="PASS" signature="aftermethod()[pri:0, instance:testCases.register@2473d930]" name="aftermethod" is-config="true" duration-ms="730" started-at="2022-09-06T11:23:25Z" finished-at="2022-09-06T11:23:26Z">
          <reporter-output>
          </reporter-output>
        </test-method> <!-- aftermethod -->
        <test-method status="PASS" signature="beforeMethod()[pri:0, instance:testCases.register@2473d930]" name="beforeMethod" is-config="true" duration-ms="13361" started-at="2022-09-06T11:23:26Z" finished-at="2022-09-06T11:23:40Z">
          <reporter-output>
          </reporter-output>
        </test-method> <!-- beforeMethod -->
        <test-method status="FAIL" signature="register_With_ValidData()[pri:0, instance:testCases.register@2473d930]" name="register_With_ValidData" duration-ms="21094" started-at="2022-09-06T11:23:40Z" finished-at="2022-09-06T11:24:01Z">
          <exception class="org.openqa.selenium.TimeoutException">
            <message>
              <![CDATA[Expected condition failed: waiting for url to be "https://courses.ultimateqa.com/collections". Current url: "https://courses.ultimateqa.com/users" (tried for 20 second(s) with 500 milliseconds interval)
Build info: version: '3.13.0', revision: '2f0d292', time: '2018-06-25T15:24:21.231Z'
System info: host: 'DESKTOP-6O8T6P5', ip: '192.168.1.2', os.name: 'Windows 10', os.arch: 'amd64', os.version: '10.0', java.version: '1.8.0_341'
Driver info: org.openqa.selenium.chrome.ChromeDriver
Capabilities {acceptInsecureCerts: false, browserName: chrome, browserVersion: 104.0.5112.102, chrome: {chromedriverVersion: 104.0.5112.79 (3cf3e8c8a07d..., userDataDir: C:\Users\BMT\AppData\Local\...}, goog:chromeOptions: {debuggerAddress: localhost:56088}, javascriptEnabled: true, networkConnectionEnabled: false, pageLoadStrategy: normal, platform: WINDOWS, platformName: WINDOWS, proxy: Proxy(), setWindowRect: true, strictFileInteractability: false, timeouts: {implicit: 0, pageLoad: 300000, script: 30000}, unhandledPromptBehavior: dismiss and notify, webauthn:extension:credBlob: true, webauthn:extension:largeBlob: true, webauthn:virtualAuthenticators: true}
Session ID: 8b49a4ddee366de795dccdec03a3ef07]]>
            </message>
            <full-stacktrace>
              <![CDATA[org.openqa.selenium.TimeoutException: Expected condition failed: waiting for url to be "https://courses.ultimateqa.com/collections". Current url: "https://courses.ultimateqa.com/users" (tried for 20 second(s) with 500 milliseconds interval)
Build info: version: '3.13.0', revision: '2f0d292', time: '2018-06-25T15:24:21.231Z'
System info: host: 'DESKTOP-6O8T6P5', ip: '192.168.1.2', os.name: 'Windows 10', os.arch: 'amd64', os.version: '10.0', java.version: '1.8.0_341'
Driver info: org.openqa.selenium.chrome.ChromeDriver
Capabilities {acceptInsecureCerts: false, browserName: chrome, browserVersion: 104.0.5112.102, chrome: {chromedriverVersion: 104.0.5112.79 (3cf3e8c8a07d..., userDataDir: C:\Users\BMT\AppData\Local\...}, goog:chromeOptions: {debuggerAddress: localhost:56088}, javascriptEnabled: true, networkConnectionEnabled: false, pageLoadStrategy: normal, platform: WINDOWS, platformName: WINDOWS, proxy: Proxy(), setWindowRect: true, strictFileInteractability: false, timeouts: {implicit: 0, pageLoad: 300000, script: 30000}, unhandledPromptBehavior: dismiss and notify, webauthn:extension:credBlob: true, webauthn:extension:largeBlob: true, webauthn:virtualAuthenticators: true}
Session ID: 8b49a4ddee366de795dccdec03a3ef07
	at org.openqa.selenium.support.ui.WebDriverWait.timeoutException(WebDriverWait.java:81)
	at org.openqa.selenium.support.ui.FluentWait.until(FluentWait.java:271)
	at testCases.register.register_With_ValidData(register.java:144)
	at sun.reflect.NativeMethodAccessorImpl.invoke0(Native Method)
	at sun.reflect.NativeMethodAccessorImpl.invoke(NativeMethodAccessorImpl.java:62)
	at sun.reflect.DelegatingMethodAccessorImpl.invoke(DelegatingMethodAccessorImpl.java:43)
	at java.lang.reflect.Method.invoke(Method.java:498)
	at org.testng.internal.MethodInvocationHelper.invokeMethod(MethodInvocationHelper.java:84)
	at org.testng.internal.Invoker.invokeMethod(Invoker.java:714)
	at org.testng.internal.Invoker.invokeTestMethod(Invoker.java:901)
	at org.testng.internal.Invoker.invokeTestMethods(Invoker.java:1231)
	at org.testng.internal.TestMethodWorker.invokeTestMethods(TestMethodWorker.java:127)
	at org.testng.internal.TestMethodWorker.run(TestMethodWorker.java:111)
	at org.testng.TestRunner.privateRun(TestRunner.java:767)
	at org.testng.TestRunner.run(TestRunner.java:617)
	at org.testng.SuiteRunner.runTest(SuiteRunner.java:348)
	at org.testng.SuiteRunner.runSequentially(SuiteRunner.java:343)
	at org.testng.SuiteRunner.privateRun(SuiteRunner.java:305)
	at org.testng.SuiteRunner.run(SuiteRunner.java:254)
	at org.testng.SuiteRunnerWorker.runSuite(SuiteRunnerWorker.java:52)
	at org.testng.SuiteRunnerWorker.run(SuiteRunnerWorker.java:86)
	at org.testng.TestNG.runSuitesSequentially(TestNG.java:1224)
	at org.testng.TestNG.runSuitesLocally(TestNG.java:1149)
	at org.testng.TestNG.run(TestNG.java:1057)
	at org.apache.maven.surefire.testng.TestNGExecutor.run(TestNGExecutor.java:283)
	at org.apache.maven.surefire.testng.TestNGXmlTestSuite.execute(TestNGXmlTestSuite.java:75)
	at org.apache.maven.surefire.testng.TestNGProvider.invoke(TestNGProvider.java:120)
	at org.apache.maven.surefire.booter.ForkedBooter.invokeProviderInSameClassLoader(ForkedBooter.java:383)
	at org.apache.maven.surefire.booter.ForkedBooter.runSuitesInProcess(ForkedBooter.java:344)
	at org.apache.maven.surefire.booter.ForkedBooter.execute(ForkedBooter.java:125)
	at org.apache.maven.surefire.booter.ForkedBooter.main(ForkedBooter.java:417)
]]>
            </full-stacktrace>
          </exception> <!-- org.openqa.selenium.TimeoutException -->
          <reporter-output>
          </reporter-output>
        </test-method> <!-- register_With_ValidData -->
        <test-method status="PASS" signature="aftermethod()[pri:0, instance:testCases.register@2473d930]" name="aftermethod" is-config="true" duration-ms="709" started-at="2022-09-06T11:24:01Z" finished-at="2022-09-06T11:24:01Z">
          <reporter-output>
          </reporter-output>
        </test-method> <!-- aftermethod -->
        <test-method status="PASS" signature="beforeMethod()[pri:0, instance:testCases.register@2473d930]" name="beforeMethod" is-config="true" duration-ms="12198" started-at="2022-09-06T11:24:01Z" finished-at="2022-09-06T11:24:14Z">
          <reporter-output>
          </reporter-output>
        </test-method> <!-- beforeMethod -->
        <test-method status="PASS" signature="EmptyFirstName()[pri:0, instance:testCases.register@2473d930]" name="EmptyFirstName" duration-ms="3648" started-at="2022-09-06T11:24:14Z" finished-at="2022-09-06T11:24:17Z">
          <reporter-output>
          </reporter-output>
        </test-method> <!-- EmptyFirstName -->
        <test-method status="PASS" signature="aftermethod()[pri:0, instance:testCases.register@2473d930]" name="aftermethod" is-config="true" duration-ms="1254" started-at="2022-09-06T11:24:17Z" finished-at="2022-09-06T11:24:18Z">
          <reporter-output>
          </reporter-output>
        </test-method> <!-- aftermethod -->
        <test-method status="PASS" signature="beforeMethod()[pri:0, instance:testCases.register@2473d930]" name="beforeMethod" is-config="true" duration-ms="13967" started-at="2022-09-06T11:24:18Z" finished-at="2022-09-06T11:24:32Z">
          <reporter-output>
          </reporter-output>
        </test-method> <!-- beforeMethod -->
        <test-method status="PASS" signature="EmptyLastName()[pri:0, instance:testCases.register@2473d930]" name="EmptyLastName" duration-ms="2888" started-at="2022-09-06T11:24:32Z" finished-at="2022-09-06T11:24:35Z">
          <reporter-output>
          </reporter-output>
        </test-method> <!-- EmptyLastName -->
        <test-method status="PASS" signature="aftermethod()[pri:0, instance:testCases.register@2473d930]" name="aftermethod" is-config="true" duration-ms="702" started-at="2022-09-06T11:24:35Z" finished-at="2022-09-06T11:24:36Z">
          <reporter-output>
          </reporter-output>
        </test-method> <!-- aftermethod -->
        <test-method status="PASS" signature="beforeMethod()[pri:0, instance:testCases.register@2473d930]" name="beforeMethod" is-config="true" duration-ms="12243" started-at="2022-09-06T11:24:36Z" finished-at="2022-09-06T11:24:48Z">
          <reporter-output>
          </reporter-output>
        </test-method> <!-- beforeMethod -->
        <test-method status="FAIL" signature="EmptyEmail()[pri:0, instance:testCases.register@2473d930]" name="EmptyEmail" duration-ms="20831" started-at="2022-09-06T11:24:48Z" finished-at="2022-09-06T11:25:09Z">
          <exception class="org.openqa.selenium.TimeoutException">
            <message>
              <![CDATA[Expected condition failed: waiting for presence of element located by: By.xpath: //*[@id="notice"]/ul/li (tried for 20 second(s) with 500 milliseconds interval)]]>
            </message>
            <full-stacktrace>
              <![CDATA[org.openqa.selenium.TimeoutException: Expected condition failed: waiting for presence of element located by: By.xpath: //*[@id="notice"]/ul/li (tried for 20 second(s) with 500 milliseconds interval)
	at org.openqa.selenium.support.ui.WebDriverWait.timeoutException(WebDriverWait.java:81)
	at org.openqa.selenium.support.ui.FluentWait.until(FluentWait.java:271)
	at testCases.register.EmptyEmail(register.java:202)
	at sun.reflect.NativeMethodAccessorImpl.invoke0(Native Method)
	at sun.reflect.NativeMethodAccessorImpl.invoke(NativeMethodAccessorImpl.java:62)
	at sun.reflect.DelegatingMethodAccessorImpl.invoke(DelegatingMethodAccessorImpl.java:43)
	at java.lang.reflect.Method.invoke(Method.java:498)
	at org.testng.internal.MethodInvocationHelper.invokeMethod(MethodInvocationHelper.java:84)
	at org.testng.internal.Invoker.invokeMethod(Invoker.java:714)
	at org.testng.internal.Invoker.invokeTestMethod(Invoker.java:901)
	at org.testng.internal.Invoker.invokeTestMethods(Invoker.java:1231)
	at org.testng.internal.TestMethodWorker.invokeTestMethods(TestMethodWorker.java:127)
	at org.testng.internal.TestMethodWorker.run(TestMethodWorker.java:111)
	at org.testng.TestRunner.privateRun(TestRunner.java:767)
	at org.testng.TestRunner.run(TestRunner.java:617)
	at org.testng.SuiteRunner.runTest(SuiteRunner.java:348)
	at org.testng.SuiteRunner.runSequentially(SuiteRunner.java:343)
	at org.testng.SuiteRunner.privateRun(SuiteRunner.java:305)
	at org.testng.SuiteRunner.run(SuiteRunner.java:254)
	at org.testng.SuiteRunnerWorker.runSuite(SuiteRunnerWorker.java:52)
	at org.testng.SuiteRunnerWorker.run(SuiteRunnerWorker.java:86)
	at org.testng.TestNG.runSuitesSequentially(TestNG.java:1224)
	at org.testng.TestNG.runSuitesLocally(TestNG.java:1149)
	at org.testng.TestNG.run(TestNG.java:1057)
	at org.apache.maven.surefire.testng.TestNGExecutor.run(TestNGExecutor.java:283)
	at org.apache.maven.surefire.testng.TestNGXmlTestSuite.execute(TestNGXmlTestSuite.java:75)
	at org.apache.maven.surefire.testng.TestNGProvider.invoke(TestNGProvider.java:120)
	at org.apache.maven.surefire.booter.ForkedBooter.invokeProviderInSameClassLoader(ForkedBooter.java:383)
	at org.apache.maven.surefire.booter.ForkedBooter.runSuitesInProcess(ForkedBooter.java:344)
	at org.apache.maven.surefire.booter.ForkedBooter.execute(ForkedBooter.java:125)
	at org.apache.maven.surefire.booter.ForkedBooter.main(ForkedBooter.java:417)
Caused by: org.openqa.selenium.NoSuchElementException: Cannot locate an element using By.xpath: //*[@id="notice"]/ul/li
For documentation on this error, please visit: http://seleniumhq.org/exceptions/no_such_element.html
Build info: version: '3.13.0', revision: '2f0d292', time: '2018-06-25T15:24:21.231Z'
System info: host: 'DESKTOP-6O8T6P5', ip: '192.168.1.2', os.name: 'Windows 10', os.arch: 'amd64', os.version: '10.0', java.version: '1.8.0_341'
Driver info: driver.version: unknown
	at org.openqa.selenium.support.ui.ExpectedConditions.lambda$findElement$0(ExpectedConditions.java:896)
	at java.util.Optional.orElseThrow(Optional.java:290)
	at org.openqa.selenium.support.ui.ExpectedConditions.findElement(ExpectedConditions.java:895)
	at org.openqa.selenium.support.ui.ExpectedConditions.access$000(ExpectedConditions.java:44)
	at org.openqa.selenium.support.ui.ExpectedConditions$6.apply(ExpectedConditions.java:183)
	at org.openqa.selenium.support.ui.ExpectedConditions$6.apply(ExpectedConditions.java:180)
	at org.openqa.selenium.support.ui.FluentWait.until(FluentWait.java:248)
	... 29 more
]]>
            </full-stacktrace>
          </exception> <!-- org.openqa.selenium.TimeoutException -->
          <reporter-output>
          </reporter-output>
        </test-method> <!-- EmptyEmail -->
        <test-method status="PASS" signature="aftermethod()[pri:0, instance:testCases.register@2473d930]" name="aftermethod" is-config="true" duration-ms="750" started-at="2022-09-06T11:25:09Z" finished-at="2022-09-06T11:25:10Z">
          <reporter-output>
          </reporter-output>
        </test-method> <!-- aftermethod -->
        <test-method status="PASS" signature="beforeMethod()[pri:0, instance:testCases.register@2473d930]" name="beforeMethod" is-config="true" duration-ms="10867" started-at="2022-09-06T11:25:10Z" finished-at="2022-09-06T11:25:21Z">
          <reporter-output>
          </reporter-output>
        </test-method> <!-- beforeMethod -->
        <test-method status="PASS" signature="TakenEmail()[pri:0, instance:testCases.register@2473d930]" name="TakenEmail" duration-ms="22362" started-at="2022-09-06T11:25:21Z" finished-at="2022-09-06T11:25:43Z">
          <reporter-output>
          </reporter-output>
        </test-method> <!-- TakenEmail -->
        <test-method status="PASS" signature="aftermethod()[pri:0, instance:testCases.register@2473d930]" name="aftermethod" is-config="true" duration-ms="826" started-at="2022-09-06T11:25:43Z" finished-at="2022-09-06T11:25:44Z">
          <reporter-output>
          </reporter-output>
        </test-method> <!-- aftermethod -->
        <test-method status="PASS" signature="beforeMethod()[pri:0, instance:testCases.register@2473d930]" name="beforeMethod" is-config="true" duration-ms="22193" started-at="2022-09-06T11:25:44Z" finished-at="2022-09-06T11:26:06Z">
          <reporter-output>
          </reporter-output>
        </test-method> <!-- beforeMethod -->
        <test-method status="PASS" signature="InvalidEmail()[pri:0, instance:testCases.register@2473d930]" name="InvalidEmail" duration-ms="2834" started-at="2022-09-06T11:26:06Z" finished-at="2022-09-06T11:26:09Z">
          <reporter-output>
          </reporter-output>
        </test-method> <!-- InvalidEmail -->
        <test-method status="PASS" signature="aftermethod()[pri:0, instance:testCases.register@2473d930]" name="aftermethod" is-config="true" duration-ms="849" started-at="2022-09-06T11:26:09Z" finished-at="2022-09-06T11:26:10Z">
          <reporter-output>
          </reporter-output>
        </test-method> <!-- aftermethod -->
        <test-method status="PASS" signature="beforeMethod()[pri:0, instance:testCases.register@2473d930]" name="beforeMethod" is-config="true" duration-ms="20021" started-at="2022-09-06T11:26:10Z" finished-at="2022-09-06T11:26:30Z">
          <reporter-output>
          </reporter-output>
        </test-method> <!-- beforeMethod -->
        <test-method status="PASS" signature="Emptypassword()[pri:0, instance:testCases.register@2473d930]" name="Emptypassword" duration-ms="2509" started-at="2022-09-06T11:26:30Z" finished-at="2022-09-06T11:26:32Z">
          <reporter-output>
          </reporter-output>
        </test-method> <!-- Emptypassword -->
        <test-method status="PASS" signature="aftermethod()[pri:0, instance:testCases.register@2473d930]" name="aftermethod" is-config="true" duration-ms="751" started-at="2022-09-06T11:26:32Z" finished-at="2022-09-06T11:26:33Z">
          <reporter-output>
          </reporter-output>
        </test-method> <!-- aftermethod -->
        <test-method status="PASS" signature="beforeMethod()[pri:0, instance:testCases.register@2473d930]" name="beforeMethod" is-config="true" duration-ms="10460" started-at="2022-09-06T11:26:33Z" finished-at="2022-09-06T11:26:43Z">
          <reporter-output>
          </reporter-output>
        </test-method> <!-- beforeMethod -->
        <test-method status="PASS" signature="Invalidpassword()[pri:0, instance:testCases.register@2473d930]" name="Invalidpassword" duration-ms="3230" started-at="2022-09-06T11:26:43Z" finished-at="2022-09-06T11:26:47Z">
          <reporter-output>
          </reporter-output>
        </test-method> <!-- Invalidpassword -->
        <test-method status="PASS" signature="aftermethod()[pri:0, instance:testCases.register@2473d930]" name="aftermethod" is-config="true" duration-ms="690" started-at="2022-09-06T11:26:47Z" finished-at="2022-09-06T11:26:47Z">
          <reporter-output>
          </reporter-output>
        </test-method> <!-- aftermethod -->
        <test-method status="PASS" signature="beforeMethod()[pri:0, instance:testCases.register@2473d930]" name="beforeMethod" is-config="true" duration-ms="10900" started-at="2022-09-06T11:26:47Z" finished-at="2022-09-06T11:26:58Z">
          <reporter-output>
          </reporter-output>
        </test-method> <!-- beforeMethod -->
        <test-method status="PASS" signature="signUpWithFacbook()[pri:0, instance:testCases.register@2473d930]" name="signUpWithFacbook" duration-ms="4662" started-at="2022-09-06T11:26:58Z" finished-at="2022-09-06T11:27:03Z">
          <reporter-output>
          </reporter-output>
        </test-method> <!-- signUpWithFacbook -->
        <test-method status="PASS" signature="aftermethod()[pri:0, instance:testCases.register@2473d930]" name="aftermethod" is-config="true" duration-ms="757" started-at="2022-09-06T11:27:03Z" finished-at="2022-09-06T11:27:04Z">
          <reporter-output>
          </reporter-output>
        </test-method> <!-- aftermethod -->
        <test-method status="PASS" signature="beforeMethod()[pri:0, instance:testCases.register@2473d930]" name="beforeMethod" is-config="true" duration-ms="10473" started-at="2022-09-06T11:27:04Z" finished-at="2022-09-06T11:27:14Z">
          <reporter-output>
          </reporter-output>
        </test-method> <!-- beforeMethod -->
        <test-method status="PASS" signature="signUpWithLinkedin()[pri:0, instance:testCases.register@2473d930]" name="signUpWithLinkedin" duration-ms="5505" started-at="2022-09-06T11:27:14Z" finished-at="2022-09-06T11:27:20Z">
          <reporter-output>
          </reporter-output>
        </test-method> <!-- signUpWithLinkedin -->
        <test-method status="PASS" signature="aftermethod()[pri:0, instance:testCases.register@2473d930]" name="aftermethod" is-config="true" duration-ms="764" started-at="2022-09-06T11:27:20Z" finished-at="2022-09-06T11:27:20Z">
          <reporter-output>
          </reporter-output>
        </test-method> <!-- aftermethod -->
        <test-method status="PASS" signature="beforeMethod()[pri:0, instance:testCases.register@2473d930]" name="beforeMethod" is-config="true" duration-ms="11661" started-at="2022-09-06T11:27:20Z" finished-at="2022-09-06T11:27:32Z">
          <reporter-output>
          </reporter-output>
        </test-method> <!-- beforeMethod -->
        <test-method status="PASS" signature="signUpWithGmail()[pri:0, instance:testCases.register@2473d930]" name="signUpWithGmail" duration-ms="5514" started-at="2022-09-06T11:27:32Z" finished-at="2022-09-06T11:27:38Z">
          <reporter-output>
          </reporter-output>
        </test-method> <!-- signUpWithGmail -->
        <test-method status="PASS" signature="aftermethod()[pri:0, instance:testCases.register@2473d930]" name="aftermethod" is-config="true" duration-ms="1285" started-at="2022-09-06T11:27:38Z" finished-at="2022-09-06T11:27:39Z">
          <reporter-output>
          </reporter-output>
        </test-method> <!-- aftermethod -->
      </class> <!-- testCases.register -->
    </test> <!-- Test -->
  </suite> <!-- Suite -->
</testng-results>
